#
# There is insufficient memory for the Java Runtime Environment to continue.
# Native memory allocation (mmap) failed to map 67108864 bytes for G1 virtual space
# Possible reasons:
#   The system is out of physical RAM or swap space
#   The process is running with CompressedOops enabled, and the Java Heap may be blocking the growth of the native heap
# Possible solutions:
#   Reduce memory load on the system
#   Increase physical memory or swap space
#   Check if swap backing store is full
#   Decrease Java heap size (-Xmx/-Xms)
#   Decrease number of Java threads
#   Decrease Java thread stack sizes (-Xss)
#   Set larger code cache with -XX:ReservedCodeCacheSize=
#   JVM is running with Unscaled Compressed Oops mode in which the Java heap is
#     placed in the first 4GB address space. The Java Heap base address is the
#     maximum limit for the native heap growth. Please use -XX:HeapBaseMinAddress
#     to set the Java Heap base and to place the Java Heap above 4GB virtual address.
# This output file may be truncated or incomplete.
#
#  Out of Memory Error (os_windows.cpp:3528), pid=8776, tid=14936
#
# JRE version:  (20.0.1+9) (build )
# Java VM: Java HotSpot(TM) 64-Bit Server VM (20.0.1+9-29, mixed mode, sharing, tiered, compressed oops, compressed class ptrs, g1 gc, windows-amd64)
# No core dump will be written. Minidumps are not enabled by default on client versions of Windows
#

---------------  S U M M A R Y ------------

Command Line: -Dfile.encoding=UTF-8 --module-path=C:\Users\muhammad\Documents\NetBeansProjects\university.management.system\build\classes university.management.system.Login

Host: Intel(R) Core(TM) i3-3110M CPU @ 2.40GHz, 4 cores, 3G,  Windows 8 , 64 bit Build 9200 (6.2.9200.16859)
Time: Sun Aug 13 16:29:49 2023 India Standard Time elapsed time: 0.034695 seconds (0d 0h 0m 0s)

---------------  T H R E A D  ---------------

Current thread (0x000000ace87a7360):  JavaThread "Unknown thread" [_thread_in_vm, id=14936, stack(0x000000ace6710000,0x000000ace6810000)]

Stack: [0x000000ace6710000,0x000000ace6810000]
Native frames: (J=compiled Java code, j=interpreted, Vv=VM code, C=native code)
V  [jvm.dll+0x6bb95a]
V  [jvm.dll+0x8485fa]
V  [jvm.dll+0x84a1f5]
V  [jvm.dll+0x84a8f3]
V  [jvm.dll+0x280b0f]
V  [jvm.dll+0x6b86e9]
V  [jvm.dll+0x6ad2da]
V  [jvm.dll+0x35adf5]
V  [jvm.dll+0x363016]
V  [jvm.dll+0x3b3b3e]
V  [jvm.dll+0x3b3dc5]
V  [jvm.dll+0x32b50a]
V  [jvm.dll+0x32c32b]
V  [jvm.dll+0x8112bf]
V  [jvm.dll+0x3c0d91]
V  [jvm.dll+0x7fcfe3]
V  [jvm.dll+0x44c76f]
V  [jvm.dll+0x44e0e1]
C  [jli.dll+0x5287]
C  [ucrtbase.DLL+0x214c2]
C  [KERNEL32.DLL+0x1842]
C  [ntdll.dll+0x3df11]


---------------  P R O C E S S  ---------------

Threads class SMR info:
_java_thread_list=0x000007f99547a098, length=0, elements={
}

Java Threads: ( => current thread )

Other Threads:
  0x000000ace87e5e60 WorkerThread "GC Thread#0" [stack: 0x000000acffe50000,0x000000acfff50000] [id=15876]
  0x000000ace87eea30 ConcurrentGCThread "G1 Main Marker" [stack: 0x000000ac811a0000,0x000000ac812a0000] [id=15524]
  0x000000ace87f0460 WorkerThread "G1 Conc#0" [stack: 0x000000ac812a0000,0x000000ac813a0000] [id=15764]

[error occurred during error reporting (printing all threads), id 0xc0000005, EXCEPTION_ACCESS_VIOLATION (0xc0000005) at pc=0x000007f994c5eb47]
VM state: not at safepoint (not fully initialized)

VM Mutex/Monitor currently owned by a thread:  ([mutex/lock_event])
[0x000000ace87a62e0] Heap_lock - owner thread: 0x000000ace87a7360

Heap address: 0x00000000c1a00000, size: 998 MB, Compressed Oops mode: 32-bit

CDS archive(s) mapped at: [0x0000000000000000-0x0000000000000000-0x0000000000000000), size 0, SharedBaseAddress: 0x0000000800000000, ArchiveRelocationMode: 0.
Narrow klass base: 0x0000000000000000, Narrow klass shift: 0, Narrow klass range: 0x0

GC Precious Log:
 CardTable entry size: 512
 Card Set container configuration: InlinePtr #cards 5 size 8 Array Of Cards #cards 12 size 40 Howl #buckets 4 coarsen threshold 1843 Howl Bitmap #cards 512 size 80 coarsen threshold 460 Card regions per heap region 1 cards per card region 2048

Heap:
 garbage-first heap   total 0K, used 0K [0x00000000c1a00000, 0x0000000100000000)
  region size 1024K, 0 young (0K), 0 survivors (0K)

[error occurred during error reporting (printing heap information), id 0xc0000005, EXCEPTION_ACCESS_VIOLATION (0xc0000005) at pc=0x000007f995033c59]
GC Heap History (0 events):
No events

Dll operation events (1 events):
Event: 0.018 Loaded shared library C:\Program Files\Java\jdk-20\bin\java.dll

Deoptimization events (0 events):
No events

Classes loaded (0 events):
No events

Classes unloaded (0 events):
No events

Classes redefined (0 events):
No events

Internal exceptions (0 events):
No events

VM Operations (0 events):
No events

Events (0 events):
No events


Dynamic libraries:
0x000007f7bc460000 - 0x000007f7bc470000 	C:\Program Files\Java\jdk-20\bin\java.exe
0x000007f9bcf40000 - 0x000007f9bd0fd000 	C:\Windows\SYSTEM32\ntdll.dll
0x000007f9babf0000 - 0x000007f9bad27000 	C:\Windows\system32\KERNEL32.DLL
0x000007f9ba090000 - 0x000007f9ba184000 	C:\Windows\system32\KERNELBASE.dll
0x000007f9af440000 - 0x000007f9af459000 	C:\Program Files\Java\jdk-20\bin\jli.dll
0x000007f9a5660000 - 0x000007f9a567b000 	C:\Program Files\Java\jdk-20\bin\VCRUNTIME140.dll
0x000007f9a5270000 - 0x000007f9a5274000 	C:\Program Files\Java\jdk-20\bin\api-ms-win-crt-stdio-l1-1-0.dll
0x000007f9a5230000 - 0x000007f9a5234000 	C:\Program Files\Java\jdk-20\bin\api-ms-win-crt-runtime-l1-1-0.dll
0x000007f9a5210000 - 0x000007f9a5213000 	C:\Program Files\Java\jdk-20\bin\api-ms-win-crt-environment-l1-1-0.dll
0x000007f9a5250000 - 0x000007f9a5255000 	C:\Program Files\Java\jdk-20\bin\api-ms-win-crt-math-l1-1-0.dll
0x000007f9a1470000 - 0x000007f9a1473000 	C:\Program Files\Java\jdk-20\bin\api-ms-win-crt-locale-l1-1-0.dll
0x000007f9a51e0000 - 0x000007f9a51e3000 	C:\Program Files\Java\jdk-20\bin\api-ms-win-crt-heap-l1-1-0.dll
0x000007f9bcb70000 - 0x000007f9bcc4e000 	C:\Windows\system32\ADVAPI32.dll
0x000007f9b7470000 - 0x000007f9b76da000 	C:\Windows\WinSxS\amd64_microsoft.windows.common-controls_6595b64144ccf1df_6.0.9200.17359_none_4188b989718cf1c6\COMCTL32.dll
0x000007f9ba310000 - 0x000007f9ba45c000 	C:\Windows\system32\USER32.dll
0x000007f9b3ec0000 - 0x000007f9b3ec9000 	C:\Windows\SYSTEM32\VERSION.dll
0x000007f9a5200000 - 0x000007f9a5203000 	C:\Program Files\Java\jdk-20\bin\api-ms-win-crt-filesystem-l1-1-0.dll
0x000007f9a5260000 - 0x000007f9a5264000 	C:\Program Files\Java\jdk-20\bin\api-ms-win-crt-string-l1-1-0.dll
0x000007f9a5220000 - 0x000007f9a5224000 	C:\Program Files\Java\jdk-20\bin\api-ms-win-crt-convert-l1-1-0.dll
0x000007f9bcd20000 - 0x000007f9bcdc5000 	C:\Windows\system32\msvcrt.dll
0x000007f9bad30000 - 0x000007f9bad78000 	C:\Windows\SYSTEM32\sechost.dll
0x000007f9ba6c0000 - 0x000007f9ba805000 	C:\Windows\system32\RPCRT4.dll
0x000007f9bb420000 - 0x000007f9bb561000 	C:\Windows\system32\GDI32.dll
0x000007f9a0ee0000 - 0x000007f9a0fe0000 	C:\Program Files\Java\jdk-20\bin\ucrtbase.DLL
0x000007f9bad80000 - 0x000007f9badb9000 	C:\Windows\system32\IMM32.DLL
0x000007f9bb150000 - 0x000007f9bb265000 	C:\Windows\system32\MSCTF.dll
0x000007f9a5280000 - 0x000007f9a528c000 	C:\Program Files\Java\jdk-20\bin\vcruntime140_1.dll
0x000007f9a04a0000 - 0x000007f9a052e000 	C:\Program Files\Java\jdk-20\bin\msvcp140.dll
0x000007f9a51f0000 - 0x000007f9a51f3000 	C:\Program Files\Java\jdk-20\bin\api-ms-win-crt-time-l1-1-0.dll
0x000007f9a5240000 - 0x000007f9a5243000 	C:\Program Files\Java\jdk-20\bin\api-ms-win-crt-utility-l1-1-0.dll
0x000007f994920000 - 0x000007f9955b7000 	C:\Program Files\Java\jdk-20\bin\server\jvm.dll
0x000007f9b3340000 - 0x000007f9b3349000 	C:\Windows\SYSTEM32\WSOCK32.dll
0x000007f9b72c0000 - 0x000007f9b72e0000 	C:\Windows\SYSTEM32\WINMM.dll
0x000007f9badc0000 - 0x000007f9bae18000 	C:\Windows\system32\WS2_32.dll
0x000007f9b6630000 - 0x000007f9b6663000 	C:\Windows\SYSTEM32\WINMMBASE.dll
0x000007f9bb870000 - 0x000007f9bb879000 	C:\Windows\system32\NSI.dll
0x000007f9ba2a0000 - 0x000007f9ba2ef000 	C:\Windows\SYSTEM32\cfgmgr32.dll
0x000007f9ba060000 - 0x000007f9ba082000 	C:\Windows\system32\DEVOBJ.dll
0x000007f9a56a0000 - 0x000007f9a56aa000 	C:\Program Files\Java\jdk-20\bin\jimage.dll
0x000007f9abf80000 - 0x000007f9ac0e3000 	C:\Windows\SYSTEM32\DBGHELP.DLL
0x000007f9a5110000 - 0x000007f9a5136000 	C:\Program Files\Java\jdk-20\bin\java.dll

dbghelp: loaded successfully - version: 4.0.5 - missing functions: none
symbol engine: initialized successfully - sym options: 0x614 - pdb path: .;C:\Program Files\Java\jdk-20\bin;C:\Windows\SYSTEM32;C:\Windows\WinSxS\amd64_microsoft.windows.common-controls_6595b64144ccf1df_6.0.9200.17359_none_4188b989718cf1c6;C:\Program Files\Java\jdk-20\bin\server

VM Arguments:
jvm_args: -Dfile.encoding=UTF-8 --module-path=C:\Users\muhammad\Documents\NetBeansProjects\university.management.system\build\classes 
java_command: university.management.system.Login
java_class_path (initial): C:\Users\muhammad\Documents\NetBeansProjects\university.management.system\build\classes
Launcher Type: SUN_STANDARD

[Global flags]
     intx CICompilerCount                          = 3                                         {product} {ergonomic}
     uint ConcGCThreads                            = 1                                         {product} {ergonomic}
     uint G1ConcRefinementThreads                  = 4                                         {product} {ergonomic}
   size_t G1HeapRegionSize                         = 1048576                                   {product} {ergonomic}
    uintx GCDrainStackTargetSize                   = 64                                        {product} {ergonomic}
   size_t InitialHeapSize                          = 67108864                                  {product} {ergonomic}
   size_t MarkStackSize                            = 4194304                                   {product} {ergonomic}
   size_t MaxHeapSize                              = 1046478848                                {product} {ergonomic}
   size_t MinHeapDeltaBytes                        = 1048576                                   {product} {ergonomic}
   size_t MinHeapSize                              = 8388608                                   {product} {ergonomic}
    uintx NonNMethodCodeHeapSize                   = 5832780                                {pd product} {ergonomic}
    uintx NonProfiledCodeHeapSize                  = 122912730                              {pd product} {ergonomic}
    uintx ProfiledCodeHeapSize                     = 122912730                              {pd product} {ergonomic}
    uintx ReservedCodeCacheSize                    = 251658240                              {pd product} {ergonomic}
     bool SegmentedCodeCache                       = true                                      {product} {ergonomic}
   size_t SoftMaxHeapSize                          = 1046478848                             {manageable} {ergonomic}
     bool UseCompressedClassPointers               = true                           {product lp64_product} {ergonomic}
     bool UseCompressedOops                        = true                           {product lp64_product} {ergonomic}
     bool UseG1GC                                  = true                                      {product} {ergonomic}
     bool UseLargePagesIndividualAllocation        = false                                  {pd product} {ergonomic}

Logging:
Log output configuration:
 #0: stdout all=warning uptime,level,tags foldmultilines=false
 #1: stderr all=off uptime,level,tags foldmultilines=false

Environment Variables:
PATH=C:\Program Files\Common Files\Oracle\Java\javapath;C:\msys64\mingw64\bin;C:\Users\muhammad\AppData\Local\Programs\Python\Python36;C:\Program Files\php\C:\Users\muhammad\Downloads\node-v16.20.1-win-x64.7z\node-v16.20.1-win-x64\;C:\msys64\mingw64\bin;C:\Users\muhammad\AppData\Local\Programs\Microsoft VS Code\binC;\Users\muhammad\AppData\Local\Programs\Python\Python36;C:\Users\muhammad\AppData\Local\Programs\Python\Python36\Scripts;C:\Users\muhammad\AppData\Local\Programs\Microsoft VS Code\bin\C:\Users\muhammad\Downloads\node-v18.15.0-darwin-x64.tar.gz\node-v18.15.0-darwin-x64.tar\node-v18.15.0-darwin-x64\;C:\Users\muhammad\AppData\Local\Programs\Microsoft VS Code\bin\C:\Program Files\Java\jre1.8.0_341\bin\javaw.exe\C:\Program Files\Java\jdk-20\bin\C:\Users\muhammad\Downloads\node-v16.20.1-win-x64.7z\node-v16.20.1-win-x64\;C:\Users\muhammad\AppData\Local\Programs\Microsoft VS Code\bin
USERNAME=muhammad
OS=Windows_NT
PROCESSOR_IDENTIFIER=Intel64 Family 6 Model 58 Stepping 9, GenuineIntel
TMP=C:\Users\muhammad\AppData\Local\Temp
TEMP=C:\Users\muhammad\AppData\Local\Temp




---------------  S Y S T E M  ---------------

OS:
 Windows 8 , 64 bit Build 9200 (6.2.9200.16859)
OS uptime: 0 days 4:43 hours

CPU: total 4 (initial active 4) (2 cores per cpu, 2 threads per core) family 6 model 58 stepping 9 microcode 0x17, cx8, cmov, fxsr, ht, mmx, sse, sse2, sse3, ssse3, sse4.1, sse4.2, popcnt, tsc, tscinvbit, avx, erms, clmul, vzeroupper, clflush, rdtscp, f16c

Memory: 4k page, system-wide physical 3985M (854M free)
TotalPageFile size 16273M (AvailPageFile size 12M)
current process WorkingSet (physical memory assigned to process): 9M, peak: 9M
current process commit charge ("private bytes"): 54M, peak: 117M

vm_info: Java HotSpot(TM) 64-Bit Server VM (20.0.1+9-29) for windows-amd64 JRE (20.0.1+9-29), built on 2023-03-07T13:56:11Z by "mach5one" with MS VC++ 17.1 (VS2022)

END.
